This file contains any messages produced by compilers while
running configure, to aid debugging if configure makes a mistake.

It was created by configure, which was
generated by GNU Autoconf 2.69.  Invocation command line was

  $ ./configure --prefix=/usr/local/iverilog --no-create --no-recursion

## --------- ##
## Platform. ##
## --------- ##

hostname = ubuntu
uname -m = x86_64
uname -r = 4.15.0-161-generic
uname -s = Linux
uname -v = #169-Ubuntu SMP Fri Oct 15 13:41:54 UTC 2021

/usr/bin/uname -p = unknown
/bin/uname -X     = unknown

/bin/arch              = unknown
/usr/bin/arch -k       = unknown
/usr/convex/getsysinfo = unknown
/usr/bin/hostinfo      = unknown
/bin/machine           = unknown
/usr/bin/oslevel       = unknown
/bin/universe          = unknown

PATH: /usr/local/sbin
PATH: /usr/local/bin
PATH: /usr/sbin
PATH: /usr/bin
PATH: /sbin
PATH: /bin
PATH: /snap/bin


## ----------- ##
## Core tests. ##
## ----------- ##

configure:2782: checking build system type
configure:2796: result: x86_64-unknown-linux-gnu
configure:2816: checking host system type
configure:2829: result: x86_64-unknown-linux-gnu
configure:2897: checking for gcc
configure:2913: found /usr/bin/gcc
configure:2924: result: gcc
configure:3153: checking for C compiler version
configure:3162: gcc --version >&5
gcc (Ubuntu 7.3.0-16ubuntu3) 7.3.0
Copyright (C) 2017 Free Software Foundation, Inc.
This is free software; see the source for copying conditions.  There is NO
warranty; not even for MERCHANTABILITY or FITNESS FOR A PARTICULAR PURPOSE.

configure:3173: $? = 0
configure:3162: gcc -v >&5
Using built-in specs.
COLLECT_GCC=gcc
COLLECT_LTO_WRAPPER=/usr/lib/gcc/x86_64-linux-gnu/7/lto-wrapper
OFFLOAD_TARGET_NAMES=nvptx-none
OFFLOAD_TARGET_DEFAULT=1
Target: x86_64-linux-gnu
Configured with: ../src/configure -v --with-pkgversion='Ubuntu 7.3.0-16ubuntu3' --with-bugurl=file:///usr/share/doc/gcc-7/README.Bugs --enable-languages=c,ada,c++,go,brig,d,fortran,objc,obj-c++ --prefix=/usr --with-gcc-major-version-only --with-as=/usr/bin/x86_64-linux-gnu-as --with-ld=/usr/bin/x86_64-linux-gnu-ld --program-suffix=-7 --program-prefix=x86_64-linux-gnu- --enable-shared --enable-linker-build-id --libexecdir=/usr/lib --without-included-gettext --enable-threads=posix --libdir=/usr/lib --enable-nls --with-sysroot=/ --enable-clocale=gnu --enable-libstdcxx-debug --enable-libstdcxx-time=yes --with-default-libstdcxx-abi=new --enable-gnu-unique-object --disable-vtable-verify --enable-libmpx --enable-plugin --enable-default-pie --with-system-zlib --with-target-system-zlib --enable-objc-gc=auto --enable-multiarch --disable-werror --with-arch-32=i686 --with-abi=m64 --with-multilib-list=m32,m64,mx32 --enable-multilib --with-tune=generic --enable-offload-targets=nvptx-none --without-cuda-driver --enable-checking=release --build=x86_64-linux-gnu --host=x86_64-linux-gnu --target=x86_64-linux-gnu
Thread model: posix
gcc version 7.3.0 (Ubuntu 7.3.0-16ubuntu3) 
configure:3173: $? = 0
configure:3162: gcc -V >&5
gcc: error: unrecognized command line option '-V'
gcc: fatal error: no input files
compilation terminated.
configure:3173: $? = 1
configure:3162: gcc -qversion >&5
gcc: error: unrecognized command line option '-qversion'; did you mean '--version'?
gcc: fatal error: no input files
compilation terminated.
configure:3173: $? = 1
configure:3193: checking whether the C compiler works
configure:3215: gcc    conftest.c  >&5
configure:3219: $? = 0
configure:3267: result: yes
configure:3270: checking for C compiler default output file name
configure:3272: result: a.out
configure:3278: checking for suffix of executables
configure:3285: gcc -o conftest    conftest.c  >&5
configure:3289: $? = 0
configure:3311: result: 
configure:3333: checking whether we are cross compiling
configure:3341: gcc -o conftest    conftest.c  >&5
configure:3345: $? = 0
configure:3352: ./conftest
configure:3356: $? = 0
configure:3371: result: no
configure:3376: checking for suffix of object files
configure:3398: gcc -c   conftest.c >&5
configure:3402: $? = 0
configure:3423: result: o
configure:3427: checking whether we are using the GNU C compiler
configure:3446: gcc -c   conftest.c >&5
configure:3446: $? = 0
configure:3455: result: yes
configure:3464: checking whether gcc accepts -g
configure:3484: gcc -c -g  conftest.c >&5
configure:3484: $? = 0
configure:3525: result: yes
configure:3542: checking for gcc option to accept ISO C89
configure:3605: gcc  -c -g -O2  conftest.c >&5
configure:3605: $? = 0
configure:3618: result: none needed
configure:3639: checking for gcc option to accept ISO C99
configure:3788: gcc  -c -g -O2  conftest.c >&5
configure:3788: $? = 0
configure:3801: result: none needed
configure:3874: checking for g++
configure:3890: found /usr/bin/g++
configure:3901: result: g++
configure:3928: checking for C++ compiler version
configure:3937: g++ --version >&5
g++ (Ubuntu 7.3.0-16ubuntu3) 7.3.0
Copyright (C) 2017 Free Software Foundation, Inc.
This is free software; see the source for copying conditions.  There is NO
warranty; not even for MERCHANTABILITY or FITNESS FOR A PARTICULAR PURPOSE.

configure:3948: $? = 0
configure:3937: g++ -v >&5
Using built-in specs.
COLLECT_GCC=g++
COLLECT_LTO_WRAPPER=/usr/lib/gcc/x86_64-linux-gnu/7/lto-wrapper
OFFLOAD_TARGET_NAMES=nvptx-none
OFFLOAD_TARGET_DEFAULT=1
Target: x86_64-linux-gnu
Configured with: ../src/configure -v --with-pkgversion='Ubuntu 7.3.0-16ubuntu3' --with-bugurl=file:///usr/share/doc/gcc-7/README.Bugs --enable-languages=c,ada,c++,go,brig,d,fortran,objc,obj-c++ --prefix=/usr --with-gcc-major-version-only --with-as=/usr/bin/x86_64-linux-gnu-as --with-ld=/usr/bin/x86_64-linux-gnu-ld --program-suffix=-7 --program-prefix=x86_64-linux-gnu- --enable-shared --enable-linker-build-id --libexecdir=/usr/lib --without-included-gettext --enable-threads=posix --libdir=/usr/lib --enable-nls --with-sysroot=/ --enable-clocale=gnu --enable-libstdcxx-debug --enable-libstdcxx-time=yes --with-default-libstdcxx-abi=new --enable-gnu-unique-object --disable-vtable-verify --enable-libmpx --enable-plugin --enable-default-pie --with-system-zlib --with-target-system-zlib --enable-objc-gc=auto --enable-multiarch --disable-werror --with-arch-32=i686 --with-abi=m64 --with-multilib-list=m32,m64,mx32 --enable-multilib --with-tune=generic --enable-offload-targets=nvptx-none --without-cuda-driver --enable-checking=release --build=x86_64-linux-gnu --host=x86_64-linux-gnu --target=x86_64-linux-gnu
Thread model: posix
gcc version 7.3.0 (Ubuntu 7.3.0-16ubuntu3) 
configure:3948: $? = 0
configure:3937: g++ -V >&5
g++: error: unrecognized command line option '-V'
g++: fatal error: no input files
compilation terminated.
configure:3948: $? = 1
configure:3937: g++ -qversion >&5
g++: error: unrecognized command line option '-qversion'; did you mean '--version'?
g++: fatal error: no input files
compilation terminated.
configure:3948: $? = 1
configure:3952: checking whether we are using the GNU C++ compiler
configure:3971: g++ -c   conftest.cpp >&5
configure:3971: $? = 0
configure:3980: result: yes
configure:3989: checking whether g++ accepts -g
configure:4009: g++ -c -g  conftest.cpp >&5
configure:4009: $? = 0
configure:4050: result: yes
configure:4116: checking for ranlib
configure:4132: found /usr/bin/ranlib
configure:4143: result: ranlib
configure:4208: checking for ld
configure:4224: found /usr/bin/ld
configure:4235: result: ld
configure:4300: checking for ar
configure:4316: found /usr/bin/ar
configure:4327: result: ar
configure:4392: checking for dlltool
configure:4422: result: no
configure:4484: checking for strip
configure:4500: found /usr/bin/strip
configure:4511: result: strip
configure:4576: checking for windres
configure:4606: result: no
configure:4629: checking for gperf
configure:4645: found /usr/bin/gperf
configure:4656: result: gperf
configure:4672: checking for man
configure:4688: found /usr/bin/man
configure:4699: result: man
configure:4715: checking for ps2pdf
configure:4731: found /usr/bin/ps2pdf
configure:4742: result: ps2pdf
configure:4758: checking for git
configure:4774: found /usr/bin/git
configure:4785: result: git
configure:4812: checking for flex
configure:4828: found /usr/bin/flex
configure:4839: result: flex
configure:4862: checking for bison
configure:4878: found /usr/bin/bison
configure:4889: result: bison
configure:4916: checking for Microsoft Windows
configure:4927: result: no
configure:4947: checking how to run the C preprocessor
configure:4978: gcc -E  conftest.c
configure:4978: $? = 0
configure:4992: gcc -E  conftest.c
conftest.c:9:10: fatal error: ac_nonexistent.h: No such file or directory
 #include <ac_nonexistent.h>
          ^~~~~~~~~~~~~~~~~~
compilation terminated.
configure:4992: $? = 1
configure: failed program was:
| /* confdefs.h */
| #define PACKAGE_NAME ""
| #define PACKAGE_TARNAME ""
| #define PACKAGE_VERSION ""
| #define PACKAGE_STRING ""
| #define PACKAGE_BUGREPORT ""
| #define PACKAGE_URL ""
| /* end confdefs.h.  */
| #include <ac_nonexistent.h>
configure:5017: result: gcc -E
configure:5037: gcc -E  conftest.c
configure:5037: $? = 0
configure:5051: gcc -E  conftest.c
conftest.c:9:10: fatal error: ac_nonexistent.h: No such file or directory
 #include <ac_nonexistent.h>
          ^~~~~~~~~~~~~~~~~~
compilation terminated.
configure:5051: $? = 1
configure: failed program was:
| /* confdefs.h */
| #define PACKAGE_NAME ""
| #define PACKAGE_TARNAME ""
| #define PACKAGE_VERSION ""
| #define PACKAGE_STRING ""
| #define PACKAGE_BUGREPORT ""
| #define PACKAGE_URL ""
| /* end confdefs.h.  */
| #include <ac_nonexistent.h>
configure:5080: checking for grep that handles long lines and -e
configure:5138: result: /bin/grep
configure:5143: checking for egrep
configure:5205: result: /bin/grep -E
configure:5210: checking for ANSI C header files
configure:5230: gcc -c -g -O2  conftest.c >&5
configure:5230: $? = 0
configure:5303: gcc -o conftest -g -O2   conftest.c  >&5
configure:5303: $? = 0
configure:5303: ./conftest
configure:5303: $? = 0
configure:5314: result: yes
configure:5327: checking for sys/types.h
configure:5327: gcc -c -g -O2  conftest.c >&5
configure:5327: $? = 0
configure:5327: result: yes
configure:5327: checking for sys/stat.h
configure:5327: gcc -c -g -O2  conftest.c >&5
configure:5327: $? = 0
configure:5327: result: yes
configure:5327: checking for stdlib.h
configure:5327: gcc -c -g -O2  conftest.c >&5
configure:5327: $? = 0
configure:5327: result: yes
configure:5327: checking for string.h
configure:5327: gcc -c -g -O2  conftest.c >&5
configure:5327: $? = 0
configure:5327: result: yes
configure:5327: checking for memory.h
configure:5327: gcc -c -g -O2  conftest.c >&5
configure:5327: $? = 0
configure:5327: result: yes
configure:5327: checking for strings.h
configure:5327: gcc -c -g -O2  conftest.c >&5
configure:5327: $? = 0
configure:5327: result: yes
configure:5327: checking for inttypes.h
configure:5327: gcc -c -g -O2  conftest.c >&5
configure:5327: $? = 0
configure:5327: result: yes
configure:5327: checking for stdint.h
configure:5327: gcc -c -g -O2  conftest.c >&5
configure:5327: $? = 0
configure:5327: result: yes
configure:5327: checking for unistd.h
configure:5327: gcc -c -g -O2  conftest.c >&5
configure:5327: $? = 0
configure:5327: result: yes
configure:5339: checking whether __SUNPRO_C is declared
configure:5339: gcc -c -g -O2  conftest.c >&5
conftest.c: In function 'main':
conftest.c:59:10: error: '__SUNPRO_C' undeclared (first use in this function); did you mean '__INT8_C'?
   (void) __SUNPRO_C;
          ^~~~~~~~~~
          __INT8_C
conftest.c:59:10: note: each undeclared identifier is reported only once for each function it appears in
configure:5339: $? = 1
configure: failed program was:
| /* confdefs.h */
| #define PACKAGE_NAME ""
| #define PACKAGE_TARNAME ""
| #define PACKAGE_VERSION ""
| #define PACKAGE_STRING ""
| #define PACKAGE_BUGREPORT ""
| #define PACKAGE_URL ""
| #define STDC_HEADERS 1
| #define HAVE_SYS_TYPES_H 1
| #define HAVE_SYS_STAT_H 1
| #define HAVE_STDLIB_H 1
| #define HAVE_STRING_H 1
| #define HAVE_MEMORY_H 1
| #define HAVE_STRINGS_H 1
| #define HAVE_INTTYPES_H 1
| #define HAVE_STDINT_H 1
| #define HAVE_UNISTD_H 1
| /* end confdefs.h.  */
| #include <stdio.h>
| #ifdef HAVE_SYS_TYPES_H
| # include <sys/types.h>
| #endif
| #ifdef HAVE_SYS_STAT_H
| # include <sys/stat.h>
| #endif
| #ifdef STDC_HEADERS
| # include <stdlib.h>
| # include <stddef.h>
| #else
| # ifdef HAVE_STDLIB_H
| #  include <stdlib.h>
| # endif
| #endif
| #ifdef HAVE_STRING_H
| # if !defined STDC_HEADERS && defined HAVE_MEMORY_H
| #  include <memory.h>
| # endif
| # include <string.h>
| #endif
| #ifdef HAVE_STRINGS_H
| # include <strings.h>
| #endif
| #ifdef HAVE_INTTYPES_H
| # include <inttypes.h>
| #endif
| #ifdef HAVE_STDINT_H
| # include <stdint.h>
| #endif
| #ifdef HAVE_UNISTD_H
| # include <unistd.h>
| #endif
| int
| main ()
| {
| #ifndef __SUNPRO_C
| #ifdef __cplusplus
|   (void) __SUNPRO_C;
| #else
|   (void) __SUNPRO_C;
| #endif
| #endif
| 
|   ;
|   return 0;
| }
configure:5339: result: no
configure:5358: checking if gcc supports -Wextra
configure:5371: gcc -c -Wextra -g -O2  conftest.c >&5
configure:5371: $? = 0
configure:5372: result: yes
configure:5422: checking whether __SUNPRO_CC is declared
configure:5422: g++ -c  -g -O2  conftest.cpp >&5
conftest.cpp: In function 'int main()':
conftest.cpp:57:10: error: '__SUNPRO_CC' was not declared in this scope
   (void) __SUNPRO_CC;
          ^~~~~~~~~~~
configure:5422: $? = 1
configure: failed program was:
| /* confdefs.h */
| #define PACKAGE_NAME ""
| #define PACKAGE_TARNAME ""
| #define PACKAGE_VERSION ""
| #define PACKAGE_STRING ""
| #define PACKAGE_BUGREPORT ""
| #define PACKAGE_URL ""
| #define STDC_HEADERS 1
| #define HAVE_SYS_TYPES_H 1
| #define HAVE_SYS_STAT_H 1
| #define HAVE_STDLIB_H 1
| #define HAVE_STRING_H 1
| #define HAVE_MEMORY_H 1
| #define HAVE_STRINGS_H 1
| #define HAVE_INTTYPES_H 1
| #define HAVE_STDINT_H 1
| #define HAVE_UNISTD_H 1
| /* end confdefs.h.  */
| #include <stdio.h>
| #ifdef HAVE_SYS_TYPES_H
| # include <sys/types.h>
| #endif
| #ifdef HAVE_SYS_STAT_H
| # include <sys/stat.h>
| #endif
| #ifdef STDC_HEADERS
| # include <stdlib.h>
| # include <stddef.h>
| #else
| # ifdef HAVE_STDLIB_H
| #  include <stdlib.h>
| # endif
| #endif
| #ifdef HAVE_STRING_H
| # if !defined STDC_HEADERS && defined HAVE_MEMORY_H
| #  include <memory.h>
| # endif
| # include <string.h>
| #endif
| #ifdef HAVE_STRINGS_H
| # include <strings.h>
| #endif
| #ifdef HAVE_INTTYPES_H
| # include <inttypes.h>
| #endif
| #ifdef HAVE_STDINT_H
| # include <stdint.h>
| #endif
| #ifdef HAVE_UNISTD_H
| # include <unistd.h>
| #endif
| int
| main ()
| {
| #ifndef __SUNPRO_CC
| #ifdef __cplusplus
|   (void) __SUNPRO_CC;
| #else
|   (void) __SUNPRO_CC;
| #endif
| #endif
| 
|   ;
|   return 0;
| }
configure:5422: result: no
configure:5454: checking how to run the C++ preprocessor
configure:5481: g++ -E  conftest.cpp
configure:5481: $? = 0
configure:5495: g++ -E  conftest.cpp
conftest.cpp:19:10: fatal error: ac_nonexistent.h: No such file or directory
 #include <ac_nonexistent.h>
          ^~~~~~~~~~~~~~~~~~
compilation terminated.
configure:5495: $? = 1
configure: failed program was:
| /* confdefs.h */
| #define PACKAGE_NAME ""
| #define PACKAGE_TARNAME ""
| #define PACKAGE_VERSION ""
| #define PACKAGE_STRING ""
| #define PACKAGE_BUGREPORT ""
| #define PACKAGE_URL ""
| #define STDC_HEADERS 1
| #define HAVE_SYS_TYPES_H 1
| #define HAVE_SYS_STAT_H 1
| #define HAVE_STDLIB_H 1
| #define HAVE_STRING_H 1
| #define HAVE_MEMORY_H 1
| #define HAVE_STRINGS_H 1
| #define HAVE_INTTYPES_H 1
| #define HAVE_STDINT_H 1
| #define HAVE_UNISTD_H 1
| /* end confdefs.h.  */
| #include <ac_nonexistent.h>
configure:5520: result: g++ -E
configure:5540: g++ -E  conftest.cpp
configure:5540: $? = 0
configure:5554: g++ -E  conftest.cpp
conftest.cpp:19:10: fatal error: ac_nonexistent.h: No such file or directory
 #include <ac_nonexistent.h>
          ^~~~~~~~~~~~~~~~~~
compilation terminated.
configure:5554: $? = 1
configure: failed program was:
| /* confdefs.h */
| #define PACKAGE_NAME ""
| #define PACKAGE_TARNAME ""
| #define PACKAGE_VERSION ""
| #define PACKAGE_STRING ""
| #define PACKAGE_BUGREPORT ""
| #define PACKAGE_URL ""
| #define STDC_HEADERS 1
| #define HAVE_SYS_TYPES_H 1
| #define HAVE_SYS_STAT_H 1
| #define HAVE_STDLIB_H 1
| #define HAVE_STRING_H 1
| #define HAVE_MEMORY_H 1
| #define HAVE_STRINGS_H 1
| #define HAVE_INTTYPES_H 1
| #define HAVE_STDINT_H 1
| #define HAVE_UNISTD_H 1
| /* end confdefs.h.  */
| #include <ac_nonexistent.h>
configure:5586: checking getopt.h usability
configure:5586: g++ -c -DHAVE_DECL_BASENAME  -g -O2  conftest.cpp >&5
configure:5586: $? = 0
configure:5586: result: yes
configure:5586: checking getopt.h presence
configure:5586: g++ -E  conftest.cpp
configure:5586: $? = 0
configure:5586: result: yes
configure:5586: checking for getopt.h
configure:5586: result: yes
configure:5586: checking for inttypes.h
configure:5586: result: yes
configure:5586: checking libiberty.h usability
configure:5586: g++ -c -DHAVE_DECL_BASENAME  -g -O2  conftest.cpp >&5
conftest.cpp:54:10: fatal error: libiberty.h: No such file or directory
 #include <libiberty.h>
          ^~~~~~~~~~~~~
compilation terminated.
configure:5586: $? = 1
configure: failed program was:
| /* confdefs.h */
| #define PACKAGE_NAME ""
| #define PACKAGE_TARNAME ""
| #define PACKAGE_VERSION ""
| #define PACKAGE_STRING ""
| #define PACKAGE_BUGREPORT ""
| #define PACKAGE_URL ""
| #define STDC_HEADERS 1
| #define HAVE_SYS_TYPES_H 1
| #define HAVE_SYS_STAT_H 1
| #define HAVE_STDLIB_H 1
| #define HAVE_STRING_H 1
| #define HAVE_MEMORY_H 1
| #define HAVE_STRINGS_H 1
| #define HAVE_INTTYPES_H 1
| #define HAVE_STDINT_H 1
| #define HAVE_UNISTD_H 1
| #define HAVE_GETOPT_H 1
| #define HAVE_INTTYPES_H 1
| /* end confdefs.h.  */
| #include <stdio.h>
| #ifdef HAVE_SYS_TYPES_H
| # include <sys/types.h>
| #endif
| #ifdef HAVE_SYS_STAT_H
| # include <sys/stat.h>
| #endif
| #ifdef STDC_HEADERS
| # include <stdlib.h>
| # include <stddef.h>
| #else
| # ifdef HAVE_STDLIB_H
| #  include <stdlib.h>
| # endif
| #endif
| #ifdef HAVE_STRING_H
| # if !defined STDC_HEADERS && defined HAVE_MEMORY_H
| #  include <memory.h>
| # endif
| # include <string.h>
| #endif
| #ifdef HAVE_STRINGS_H
| # include <strings.h>
| #endif
| #ifdef HAVE_INTTYPES_H
| # include <inttypes.h>
| #endif
| #ifdef HAVE_STDINT_H
| # include <stdint.h>
| #endif
| #ifdef HAVE_UNISTD_H
| # include <unistd.h>
| #endif
| #include <libiberty.h>
configure:5586: result: no
configure:5586: checking libiberty.h presence
configure:5586: g++ -E  conftest.cpp
conftest.cpp:21:10: fatal error: libiberty.h: No such file or directory
 #include <libiberty.h>
          ^~~~~~~~~~~~~
compilation terminated.
configure:5586: $? = 1
configure: failed program was:
| /* confdefs.h */
| #define PACKAGE_NAME ""
| #define PACKAGE_TARNAME ""
| #define PACKAGE_VERSION ""
| #define PACKAGE_STRING ""
| #define PACKAGE_BUGREPORT ""
| #define PACKAGE_URL ""
| #define STDC_HEADERS 1
| #define HAVE_SYS_TYPES_H 1
| #define HAVE_SYS_STAT_H 1
| #define HAVE_STDLIB_H 1
| #define HAVE_STRING_H 1
| #define HAVE_MEMORY_H 1
| #define HAVE_STRINGS_H 1
| #define HAVE_INTTYPES_H 1
| #define HAVE_STDINT_H 1
| #define HAVE_UNISTD_H 1
| #define HAVE_GETOPT_H 1
| #define HAVE_INTTYPES_H 1
| /* end confdefs.h.  */
| #include <libiberty.h>
configure:5586: result: no
configure:5586: checking for libiberty.h
configure:5586: result: no
configure:5586: checking iosfwd usability
configure:5586: g++ -c -DHAVE_DECL_BASENAME  -g -O2  conftest.cpp >&5
configure:5586: $? = 0
configure:5586: result: yes
configure:5586: checking iosfwd presence
configure:5586: g++ -E  conftest.cpp
configure:5586: $? = 0
configure:5586: result: yes
configure:5586: checking for iosfwd
configure:5586: result: yes
configure:5586: checking sys/wait.h usability
configure:5586: g++ -c -DHAVE_DECL_BASENAME  -g -O2  conftest.cpp >&5
configure:5586: $? = 0
configure:5586: result: yes
configure:5586: checking sys/wait.h presence
configure:5586: g++ -E  conftest.cpp
configure:5586: $? = 0
configure:5586: result: yes
configure:5586: checking for sys/wait.h
configure:5586: result: yes
configure:5602: checking size of unsigned long long
configure:5607: g++ -o conftest  -g -O2    conftest.cpp  >&5
configure:5607: $? = 0
configure:5607: ./conftest
configure:5607: $? = 0
configure:5621: result: 8
configure:5635: checking size of unsigned long
configure:5640: g++ -o conftest  -g -O2    conftest.cpp  >&5
configure:5640: $? = 0
configure:5640: ./conftest
configure:5640: $? = 0
configure:5654: result: 8
configure:5668: checking size of unsigned
configure:5673: g++ -o conftest  -g -O2    conftest.cpp  >&5
configure:5673: $? = 0
configure:5673: ./conftest
configure:5673: $? = 0
configure:5687: result: 4
configure:5701: checking size of void *
configure:5706: g++ -o conftest  -g -O2    conftest.cpp  >&5
configure:5706: $? = 0
configure:5706: ./conftest
configure:5706: $? = 0
configure:5720: result: 8
configure:5732: checking for tputs in -ltermcap
configure:5757: g++ -o conftest  -g -O2    conftest.cpp -ltermcap   >&5
configure:5757: $? = 0
configure:5766: result: yes
configure:5777: checking for readline in -lreadline
configure:5802: g++ -o conftest  -g -O2    conftest.cpp -lreadline  -ltermcap  >&5
configure:5802: $? = 0
configure:5811: result: yes
configure:5822: checking for add_history in -lreadline
configure:5847: g++ -o conftest  -g -O2    conftest.cpp -lreadline  -lreadline -ltermcap  >&5
configure:5847: $? = 0
configure:5856: result: yes
configure:5918: checking readline/readline.h usability
configure:5918: g++ -c  -g -O2  conftest.cpp >&5
configure:5918: $? = 0
configure:5918: result: yes
configure:5918: checking readline/readline.h presence
configure:5918: g++ -E  conftest.cpp
configure:5918: $? = 0
configure:5918: result: yes
configure:5918: checking for readline/readline.h
configure:5918: result: yes
configure:5918: checking readline/history.h usability
configure:5918: g++ -c  -g -O2  conftest.cpp >&5
configure:5918: $? = 0
configure:5918: result: yes
configure:5918: checking readline/history.h presence
configure:5918: g++ -E  conftest.cpp
configure:5918: $? = 0
configure:5918: result: yes
configure:5918: checking for readline/history.h
configure:5918: result: yes
configure:5918: checking sys/resource.h usability
configure:5918: g++ -c  -g -O2  conftest.cpp >&5
configure:5918: $? = 0
configure:5918: result: yes
configure:5918: checking sys/resource.h presence
configure:5918: g++ -E  conftest.cpp
configure:5918: $? = 0
configure:5918: result: yes
configure:5918: checking for sys/resource.h
configure:5918: result: yes
configure:5933: checking for pthread_create in -lpthread
configure:5958: g++ -o conftest  -g -O2    conftest.cpp -lpthread  -lreadline -ltermcap  >&5
configure:5958: $? = 0
configure:5967: result: yes
configure:5978: checking for gzwrite in -lz
configure:6003: g++ -o conftest  -g -O2    conftest.cpp -lz  -lpthread -lreadline -ltermcap  >&5
configure:6003: $? = 0
configure:6012: result: yes
configure:6023: checking for gzwrite in -lz
configure:6057: result: yes
configure:6143: checking for BZ2_bzdopen in -lbz2
configure:6168: g++ -o conftest  -g -O2    conftest.cpp -lbz2  -lz -lpthread -lreadline -ltermcap  >&5
/usr/bin/x86_64-linux-gnu-ld: cannot find -lbz2
collect2: error: ld returned 1 exit status
configure:6168: $? = 1
configure: failed program was:
| /* confdefs.h */
| #define PACKAGE_NAME ""
| #define PACKAGE_TARNAME ""
| #define PACKAGE_VERSION ""
| #define PACKAGE_STRING ""
| #define PACKAGE_BUGREPORT ""
| #define PACKAGE_URL ""
| #define STDC_HEADERS 1
| #define HAVE_SYS_TYPES_H 1
| #define HAVE_SYS_STAT_H 1
| #define HAVE_STDLIB_H 1
| #define HAVE_STRING_H 1
| #define HAVE_MEMORY_H 1
| #define HAVE_STRINGS_H 1
| #define HAVE_INTTYPES_H 1
| #define HAVE_STDINT_H 1
| #define HAVE_UNISTD_H 1
| #define HAVE_GETOPT_H 1
| #define HAVE_INTTYPES_H 1
| #define HAVE_IOSFWD 1
| #define HAVE_SYS_WAIT_H 1
| #define SIZEOF_UNSIGNED_LONG_LONG 8
| #define SIZEOF_UNSIGNED_LONG 8
| #define SIZEOF_UNSIGNED 4
| #define SIZEOF_VOID_P 8
| #define HAVE_LIBTERMCAP 1
| #define HAVE_LIBREADLINE 1
| #define HAVE_LIBHISTORY 1
| #define HAVE_READLINE_READLINE_H 1
| #define HAVE_READLINE_HISTORY_H 1
| #define HAVE_SYS_RESOURCE_H 1
| #define LINUX 1
| #define HAVE_LIBPTHREAD 1
| #define HAVE_LIBZ 1
| /* end confdefs.h.  */
| 
| /* Override any GCC internal prototype to avoid an error.
|    Use char because int might match the return type of a GCC
|    builtin and then its argument prototype would still apply.  */
| #ifdef __cplusplus
| extern "C"
| #endif
| char BZ2_bzdopen ();
| int
| main ()
| {
| return BZ2_bzdopen ();
|   ;
|   return 0;
| }
configure:6177: result: no
configure:6188: checking for BZ2_bzdopen in -lbz2
configure:6222: result: no
configure:6235: checking for size_t
configure:6235: g++ -c  -g -O2  conftest.cpp >&5
configure:6235: $? = 0
configure:6235: g++ -c  -g -O2  conftest.cpp >&5
conftest.cpp: In function 'int main()':
conftest.cpp:72:20: error: expected primary-expression before ')' token
 if (sizeof ((size_t)))
                    ^
configure:6235: $? = 1
configure: failed program was:
| /* confdefs.h */
| #define PACKAGE_NAME ""
| #define PACKAGE_TARNAME ""
| #define PACKAGE_VERSION ""
| #define PACKAGE_STRING ""
| #define PACKAGE_BUGREPORT ""
| #define PACKAGE_URL ""
| #define STDC_HEADERS 1
| #define HAVE_SYS_TYPES_H 1
| #define HAVE_SYS_STAT_H 1
| #define HAVE_STDLIB_H 1
| #define HAVE_STRING_H 1
| #define HAVE_MEMORY_H 1
| #define HAVE_STRINGS_H 1
| #define HAVE_INTTYPES_H 1
| #define HAVE_STDINT_H 1
| #define HAVE_UNISTD_H 1
| #define HAVE_GETOPT_H 1
| #define HAVE_INTTYPES_H 1
| #define HAVE_IOSFWD 1
| #define HAVE_SYS_WAIT_H 1
| #define SIZEOF_UNSIGNED_LONG_LONG 8
| #define SIZEOF_UNSIGNED_LONG 8
| #define SIZEOF_UNSIGNED 4
| #define SIZEOF_VOID_P 8
| #define HAVE_LIBTERMCAP 1
| #define HAVE_LIBREADLINE 1
| #define HAVE_LIBHISTORY 1
| #define HAVE_READLINE_READLINE_H 1
| #define HAVE_READLINE_HISTORY_H 1
| #define HAVE_SYS_RESOURCE_H 1
| #define LINUX 1
| #define HAVE_LIBPTHREAD 1
| #define HAVE_LIBZ 1
| /* end confdefs.h.  */
| #include <stdio.h>
| #ifdef HAVE_SYS_TYPES_H
| # include <sys/types.h>
| #endif
| #ifdef HAVE_SYS_STAT_H
| # include <sys/stat.h>
| #endif
| #ifdef STDC_HEADERS
| # include <stdlib.h>
| # include <stddef.h>
| #else
| # ifdef HAVE_STDLIB_H
| #  include <stdlib.h>
| # endif
| #endif
| #ifdef HAVE_STRING_H
| # if !defined STDC_HEADERS && defined HAVE_MEMORY_H
| #  include <memory.h>
| # endif
| # include <string.h>
| #endif
| #ifdef HAVE_STRINGS_H
| # include <strings.h>
| #endif
| #ifdef HAVE_INTTYPES_H
| # include <inttypes.h>
| #endif
| #ifdef HAVE_STDINT_H
| # include <stdint.h>
| #endif
| #ifdef HAVE_UNISTD_H
| # include <unistd.h>
| #endif
| int
| main ()
| {
| if (sizeof ((size_t)))
| 	    return 0;
|   ;
|   return 0;
| }
configure:6235: result: yes
configure:6248: checking for working alloca.h
configure:6265: g++ -o conftest  -g -O2    conftest.cpp -lz -lpthread -lreadline -ltermcap  >&5
configure:6265: $? = 0
configure:6273: result: yes
configure:6281: checking for alloca
configure:6318: g++ -o conftest  -g -O2    conftest.cpp -lz -lpthread -lreadline -ltermcap  >&5
configure:6318: $? = 0
configure:6326: result: yes
configure:6432: checking for _LARGEFILE_SOURCE value needed for large files
configure:6451: g++ -o conftest  -g -O2    conftest.cpp -lz -lpthread -lreadline -ltermcap  >&5
configure:6451: $? = 0
configure:6479: result: no
configure:6512: Not using valgrind hooks
configure:6527: checking for sys/times
configure:6542: g++ -o conftest  -g -O2    conftest.cpp -lz -lpthread -lreadline -ltermcap  >&5
configure:6542: $? = 0
configure:6553: result: yes
configure:6563: checking dlfcn.h usability
configure:6563: g++ -c  -g -O2  conftest.cpp >&5
configure:6563: $? = 0
configure:6563: result: yes
configure:6563: checking dlfcn.h presence
configure:6563: g++ -E  conftest.cpp
configure:6563: $? = 0
configure:6563: result: yes
configure:6563: checking for dlfcn.h
configure:6563: result: yes
configure:6575: checking for dlopen in -ldl
configure:6600: g++ -o conftest  -g -O2    conftest.cpp -ldl  -lz -lpthread -lreadline -ltermcap  >&5
configure:6600: $? = 0
configure:6609: result: yes
configure:6678: checking for a BSD-compatible install
configure:6746: result: /usr/bin/install -c
configure:6764: checking whether byte ordering is bigendian
configure:6779: gcc -c  -g -O2  conftest.c >&5
conftest.c:42:9: error: unknown type name 'not'
         not a universal capable compiler
         ^~~
conftest.c:42:15: error: expected '=', ',', ';', 'asm' or '__attribute__' before 'universal'
         not a universal capable compiler
               ^~~~~~~~~
conftest.c:42:15: error: unknown type name 'universal'
configure:6779: $? = 1
configure: failed program was:
| /* confdefs.h */
| #define PACKAGE_NAME ""
| #define PACKAGE_TARNAME ""
| #define PACKAGE_VERSION ""
| #define PACKAGE_STRING ""
| #define PACKAGE_BUGREPORT ""
| #define PACKAGE_URL ""
| #define STDC_HEADERS 1
| #define HAVE_SYS_TYPES_H 1
| #define HAVE_SYS_STAT_H 1
| #define HAVE_STDLIB_H 1
| #define HAVE_STRING_H 1
| #define HAVE_MEMORY_H 1
| #define HAVE_STRINGS_H 1
| #define HAVE_INTTYPES_H 1
| #define HAVE_STDINT_H 1
| #define HAVE_UNISTD_H 1
| #define HAVE_GETOPT_H 1
| #define HAVE_INTTYPES_H 1
| #define HAVE_IOSFWD 1
| #define HAVE_SYS_WAIT_H 1
| #define SIZEOF_UNSIGNED_LONG_LONG 8
| #define SIZEOF_UNSIGNED_LONG 8
| #define SIZEOF_UNSIGNED 4
| #define SIZEOF_VOID_P 8
| #define HAVE_LIBTERMCAP 1
| #define HAVE_LIBREADLINE 1
| #define HAVE_LIBHISTORY 1
| #define HAVE_READLINE_READLINE_H 1
| #define HAVE_READLINE_HISTORY_H 1
| #define HAVE_SYS_RESOURCE_H 1
| #define LINUX 1
| #define HAVE_LIBPTHREAD 1
| #define HAVE_LIBZ 1
| #define HAVE_ALLOCA_H 1
| #define HAVE_ALLOCA 1
| #define HAVE_FSEEKO 1
| #define HAVE_TIMES 1
| #define HAVE_DLFCN_H 1
| /* end confdefs.h.  */
| #ifndef __APPLE_CC__
| 	       not a universal capable compiler
| 	     #endif
| 	     typedef int dummy;
| 
configure:6824: gcc -c  -g -O2  conftest.c >&5
configure:6824: $? = 0
configure:6842: gcc -c  -g -O2  conftest.c >&5
conftest.c: In function 'main':
conftest.c:48:4: error: unknown type name 'not'; did you mean 'ino_t'?
    not big endian
    ^~~
    ino_t
conftest.c:48:12: error: expected '=', ',', ';', 'asm' or '__attribute__' before 'endian'
    not big endian
            ^~~~~~
configure:6842: $? = 1
configure: failed program was:
| /* confdefs.h */
| #define PACKAGE_NAME ""
| #define PACKAGE_TARNAME ""
| #define PACKAGE_VERSION ""
| #define PACKAGE_STRING ""
| #define PACKAGE_BUGREPORT ""
| #define PACKAGE_URL ""
| #define STDC_HEADERS 1
| #define HAVE_SYS_TYPES_H 1
| #define HAVE_SYS_STAT_H 1
| #define HAVE_STDLIB_H 1
| #define HAVE_STRING_H 1
| #define HAVE_MEMORY_H 1
| #define HAVE_STRINGS_H 1
| #define HAVE_INTTYPES_H 1
| #define HAVE_STDINT_H 1
| #define HAVE_UNISTD_H 1
| #define HAVE_GETOPT_H 1
| #define HAVE_INTTYPES_H 1
| #define HAVE_IOSFWD 1
| #define HAVE_SYS_WAIT_H 1
| #define SIZEOF_UNSIGNED_LONG_LONG 8
| #define SIZEOF_UNSIGNED_LONG 8
| #define SIZEOF_UNSIGNED 4
| #define SIZEOF_VOID_P 8
| #define HAVE_LIBTERMCAP 1
| #define HAVE_LIBREADLINE 1
| #define HAVE_LIBHISTORY 1
| #define HAVE_READLINE_READLINE_H 1
| #define HAVE_READLINE_HISTORY_H 1
| #define HAVE_SYS_RESOURCE_H 1
| #define LINUX 1
| #define HAVE_LIBPTHREAD 1
| #define HAVE_LIBZ 1
| #define HAVE_ALLOCA_H 1
| #define HAVE_ALLOCA 1
| #define HAVE_FSEEKO 1
| #define HAVE_TIMES 1
| #define HAVE_DLFCN_H 1
| /* end confdefs.h.  */
| #include <sys/types.h>
| 		#include <sys/param.h>
| 
| int
| main ()
| {
| #if BYTE_ORDER != BIG_ENDIAN
| 		 not big endian
| 		#endif
| 
|   ;
|   return 0;
| }
configure:6970: result: no
configure:7008: checking for extra libs needed
configure:7019: result: 
configure:7025: checking for flag to make position independent code
configure:7050: result: -fPIC
configure:7096: checking for realpath
configure:7096: gcc -o conftest  -g -O2    conftest.c -lz -lpthread -lreadline -ltermcap  >&5
configure:7096: $? = 0
configure:7096: result: yes
configure:7110: checking for fopen64
configure:7110: gcc -o conftest  -g -O2    conftest.c -lz -lpthread -lreadline -ltermcap  >&5
configure:7110: $? = 0
configure:7110: result: yes
configure:7124: checking for library containing lround
configure:7155: gcc -o conftest  -g -O2    conftest.c -lz -lpthread -lreadline -ltermcap  >&5
conftest.c:51:6: warning: conflicting types for built-in function 'lround' [-Wbuiltin-declaration-mismatch]
 char lround ();
      ^~~~~~
/tmp/ccc1oPSc.o: In function `main':
/home/qin/Desktop/iverilog-update_10_1/iverilog-update/conftest.c:55: undefined reference to `lround'
collect2: error: ld returned 1 exit status
configure:7155: $? = 1
configure: failed program was:
| /* confdefs.h */
| #define PACKAGE_NAME ""
| #define PACKAGE_TARNAME ""
| #define PACKAGE_VERSION ""
| #define PACKAGE_STRING ""
| #define PACKAGE_BUGREPORT ""
| #define PACKAGE_URL ""
| #define STDC_HEADERS 1
| #define HAVE_SYS_TYPES_H 1
| #define HAVE_SYS_STAT_H 1
| #define HAVE_STDLIB_H 1
| #define HAVE_STRING_H 1
| #define HAVE_MEMORY_H 1
| #define HAVE_STRINGS_H 1
| #define HAVE_INTTYPES_H 1
| #define HAVE_STDINT_H 1
| #define HAVE_UNISTD_H 1
| #define HAVE_GETOPT_H 1
| #define HAVE_INTTYPES_H 1
| #define HAVE_IOSFWD 1
| #define HAVE_SYS_WAIT_H 1
| #define SIZEOF_UNSIGNED_LONG_LONG 8
| #define SIZEOF_UNSIGNED_LONG 8
| #define SIZEOF_UNSIGNED 4
| #define SIZEOF_VOID_P 8
| #define HAVE_LIBTERMCAP 1
| #define HAVE_LIBREADLINE 1
| #define HAVE_LIBHISTORY 1
| #define HAVE_READLINE_READLINE_H 1
| #define HAVE_READLINE_HISTORY_H 1
| #define HAVE_SYS_RESOURCE_H 1
| #define LINUX 1
| #define HAVE_LIBPTHREAD 1
| #define HAVE_LIBZ 1
| #define HAVE_ALLOCA_H 1
| #define HAVE_ALLOCA 1
| #define HAVE_FSEEKO 1
| #define HAVE_TIMES 1
| #define HAVE_DLFCN_H 1
| #define _LARGEFILE_SOURCE 1
| #define HAVE_REALPATH 1
| #define HAVE_FOPEN64 1
| /* end confdefs.h.  */
| 
| /* Override any GCC internal prototype to avoid an error.
|    Use char because int might match the return type of a GCC
|    builtin and then its argument prototype would still apply.  */
| #ifdef __cplusplus
| extern "C"
| #endif
| char lround ();
| int
| main ()
| {
| return lround ();
|   ;
|   return 0;
| }
configure:7155: gcc -o conftest  -g -O2    conftest.c -lm  -lz -lpthread -lreadline -ltermcap  >&5
conftest.c:51:6: warning: conflicting types for built-in function 'lround' [-Wbuiltin-declaration-mismatch]
 char lround ();
      ^~~~~~
configure:7155: $? = 0
configure:7172: result: -lm
configure:7181: checking for library containing llround
configure:7212: gcc -o conftest  -g -O2    conftest.c -lm -lz -lpthread -lreadline -ltermcap  >&5
conftest.c:52:6: warning: conflicting types for built-in function 'llround' [-Wbuiltin-declaration-mismatch]
 char llround ();
      ^~~~~~~
configure:7212: $? = 0
configure:7229: result: none required
configure:7238: checking for library containing nan
configure:7269: gcc -o conftest  -g -O2    conftest.c -lm -lz -lpthread -lreadline -ltermcap  >&5
conftest.c:53:6: warning: conflicting types for built-in function 'nan' [-Wbuiltin-declaration-mismatch]
 char nan ();
      ^~~
configure:7269: $? = 0
configure:7286: result: none required
configure:7295: checking for library containing fmin
configure:7326: gcc -o conftest  -g -O2    conftest.c -lm -lz -lpthread -lreadline -ltermcap  >&5
conftest.c:54:6: warning: conflicting types for built-in function 'fmin' [-Wbuiltin-declaration-mismatch]
 char fmin ();
      ^~~~
configure:7326: $? = 0
configure:7343: result: none required
configure:7352: checking for library containing fmax
configure:7383: gcc -o conftest  -g -O2    conftest.c -lm -lz -lpthread -lreadline -ltermcap  >&5
conftest.c:55:6: warning: conflicting types for built-in function 'fmax' [-Wbuiltin-declaration-mismatch]
 char fmax ();
      ^~~~
configure:7383: $? = 0
configure:7400: result: none required
configure:7423: checking if uint64_t and unsigned long are identical
configure:7448: g++ -c  -g -O2  conftest.cpp >&5
conftest.cpp: In function 'bool check(uint64_t)':
conftest.cpp:54:13: error: redefinition of 'bool check(uint64_t)'
 static bool check(uint64_t val)
             ^~~~~
conftest.cpp:50:13: note: 'bool check(long unsigned int)' previously defined here
 static bool check(unsigned long val)
             ^~~~~
configure:7448: $? = 1
configure: failed program was:
| /* confdefs.h */
| #define PACKAGE_NAME ""
| #define PACKAGE_TARNAME ""
| #define PACKAGE_VERSION ""
| #define PACKAGE_STRING ""
| #define PACKAGE_BUGREPORT ""
| #define PACKAGE_URL ""
| #define STDC_HEADERS 1
| #define HAVE_SYS_TYPES_H 1
| #define HAVE_SYS_STAT_H 1
| #define HAVE_STDLIB_H 1
| #define HAVE_STRING_H 1
| #define HAVE_MEMORY_H 1
| #define HAVE_STRINGS_H 1
| #define HAVE_INTTYPES_H 1
| #define HAVE_STDINT_H 1
| #define HAVE_UNISTD_H 1
| #define HAVE_GETOPT_H 1
| #define HAVE_INTTYPES_H 1
| #define HAVE_IOSFWD 1
| #define HAVE_SYS_WAIT_H 1
| #define SIZEOF_UNSIGNED_LONG_LONG 8
| #define SIZEOF_UNSIGNED_LONG 8
| #define SIZEOF_UNSIGNED 4
| #define SIZEOF_VOID_P 8
| #define HAVE_LIBTERMCAP 1
| #define HAVE_LIBREADLINE 1
| #define HAVE_LIBHISTORY 1
| #define HAVE_READLINE_READLINE_H 1
| #define HAVE_READLINE_HISTORY_H 1
| #define HAVE_SYS_RESOURCE_H 1
| #define LINUX 1
| #define HAVE_LIBPTHREAD 1
| #define HAVE_LIBZ 1
| #define HAVE_ALLOCA_H 1
| #define HAVE_ALLOCA 1
| #define HAVE_FSEEKO 1
| #define HAVE_TIMES 1
| #define HAVE_DLFCN_H 1
| #define _LARGEFILE_SOURCE 1
| #define HAVE_REALPATH 1
| #define HAVE_FOPEN64 1
| #define HAVE_LROUND 1
| #define HAVE_LLROUND 1
| #define HAVE_NAN 1
| #define HAVE_FMIN 1
| #define HAVE_FMAX 1
| /* end confdefs.h.  */
| #include "inttypes.h"
| static bool check(unsigned long val)
| {
|   return val != 0;
| }
| static bool check(uint64_t val)
| {
|   return val != 0;
| }
| int
| main ()
| {
| unsigned long ulval = 1;
| bool result = check(ulval);
| uint64_t uival = 1;
| result &= check(uival);
| return !result;
|   ;
|   return 0;
| }
configure:7453: result: yes
configure:7459: checking for -rdynamic compiler flag
configure:7495: result: -rdynamic
configure:7503: checking for shared library link flag
configure:7535: result: -shared
configure:7544: checking for leading underscores
configure:7553: g++ -c  -g -O2  conftest.cpp >&5
configure:7553: $? = 0
configure:7565: result: no
configure:7573: checking for trailing underscores
configure:7582: g++ -c  -g -O2  conftest.cpp >&5
configure:7582: $? = 0
configure:7594: result: no
configure:7611: checking for sanity of prefix
configure:7617: result: ok
configure:7620: checking for sanity of exec_prefix
configure:7626: result: ok
configure:7629: checking for sanity of libdir
configure:7635: result: ok
configure:7662: checking for x86_64-unknown-linux-gnu-gcc
configure:7692: result: no
configure:7702: checking for gcc
configure:7718: found /usr/bin/gcc
configure:7729: result: gcc
configure:7958: checking for C compiler version
configure:7967: gcc --version >&5
gcc (Ubuntu 7.3.0-16ubuntu3) 7.3.0
Copyright (C) 2017 Free Software Foundation, Inc.
This is free software; see the source for copying conditions.  There is NO
warranty; not even for MERCHANTABILITY or FITNESS FOR A PARTICULAR PURPOSE.

configure:7978: $? = 0
configure:7967: gcc -v >&5
Using built-in specs.
COLLECT_GCC=gcc
COLLECT_LTO_WRAPPER=/usr/lib/gcc/x86_64-linux-gnu/7/lto-wrapper
OFFLOAD_TARGET_NAMES=nvptx-none
OFFLOAD_TARGET_DEFAULT=1
Target: x86_64-linux-gnu
Configured with: ../src/configure -v --with-pkgversion='Ubuntu 7.3.0-16ubuntu3' --with-bugurl=file:///usr/share/doc/gcc-7/README.Bugs --enable-languages=c,ada,c++,go,brig,d,fortran,objc,obj-c++ --prefix=/usr --with-gcc-major-version-only --with-as=/usr/bin/x86_64-linux-gnu-as --with-ld=/usr/bin/x86_64-linux-gnu-ld --program-suffix=-7 --program-prefix=x86_64-linux-gnu- --enable-shared --enable-linker-build-id --libexecdir=/usr/lib --without-included-gettext --enable-threads=posix --libdir=/usr/lib --enable-nls --with-sysroot=/ --enable-clocale=gnu --enable-libstdcxx-debug --enable-libstdcxx-time=yes --with-default-libstdcxx-abi=new --enable-gnu-unique-object --disable-vtable-verify --enable-libmpx --enable-plugin --enable-default-pie --with-system-zlib --with-target-system-zlib --enable-objc-gc=auto --enable-multiarch --disable-werror --with-arch-32=i686 --with-abi=m64 --with-multilib-list=m32,m64,mx32 --enable-multilib --with-tune=generic --enable-offload-targets=nvptx-none --without-cuda-driver --enable-checking=release --build=x86_64-linux-gnu --host=x86_64-linux-gnu --target=x86_64-linux-gnu
Thread model: posix
gcc version 7.3.0 (Ubuntu 7.3.0-16ubuntu3) 
configure:7978: $? = 0
configure:7967: gcc -V >&5
gcc: error: unrecognized command line option '-V'
gcc: fatal error: no input files
compilation terminated.
configure:7978: $? = 1
configure:7967: gcc -qversion >&5
gcc: error: unrecognized command line option '-qversion'; did you mean '--version'?
gcc: fatal error: no input files
compilation terminated.
configure:7978: $? = 1
configure:7982: checking whether we are using the GNU C compiler
configure:8010: result: yes
configure:8019: checking whether gcc accepts -g
configure:8039: gcc -c -g  conftest.c >&5
configure:8039: $? = 0
configure:8080: result: yes
configure:8097: checking for gcc option to accept ISO C89
configure:8160: gcc  -c -g  conftest.c >&5
configure:8160: $? = 0
configure:8173: result: none needed
configure:8209: checking whether the C compiler works
configure:8231: gcc -g   conftest.c -lm -lz -lpthread -lreadline -ltermcap  >&5
configure:8235: $? = 0
configure:8283: result: yes
configure:8286: checking for C compiler default output file name
configure:8288: result: a.out
configure:8294: checking for suffix of executables
configure:8301: gcc -o conftest -g   conftest.c -lm -lz -lpthread -lreadline -ltermcap  >&5
configure:8305: $? = 0
configure:8327: result: 
configure:8349: checking whether we are cross compiling
configure:8357: gcc -o conftest -g   conftest.c -lm -lz -lpthread -lreadline -ltermcap  >&5
configure:8361: $? = 0
configure:8368: ./conftest
configure:8372: $? = 0
configure:8387: result: no
configure:8393: checking for suffix of object files
configure:8415: gcc -c -g  conftest.c >&5
configure:8419: $? = 0
configure:8440: result: o
configure:8450: checking how to run the C preprocessor
configure:8481: gcc -E  conftest.c
configure:8481: $? = 0
configure:8495: gcc -E  conftest.c
conftest.c:50:10: fatal error: ac_nonexistent.h: No such file or directory
 #include <ac_nonexistent.h>
          ^~~~~~~~~~~~~~~~~~
compilation terminated.
configure:8495: $? = 1
configure: failed program was:
| /* confdefs.h */
| #define PACKAGE_NAME ""
| #define PACKAGE_TARNAME ""
| #define PACKAGE_VERSION ""
| #define PACKAGE_STRING ""
| #define PACKAGE_BUGREPORT ""
| #define PACKAGE_URL ""
| #define STDC_HEADERS 1
| #define HAVE_SYS_TYPES_H 1
| #define HAVE_SYS_STAT_H 1
| #define HAVE_STDLIB_H 1
| #define HAVE_STRING_H 1
| #define HAVE_MEMORY_H 1
| #define HAVE_STRINGS_H 1
| #define HAVE_INTTYPES_H 1
| #define HAVE_STDINT_H 1
| #define HAVE_UNISTD_H 1
| #define HAVE_GETOPT_H 1
| #define HAVE_INTTYPES_H 1
| #define HAVE_IOSFWD 1
| #define HAVE_SYS_WAIT_H 1
| #define SIZEOF_UNSIGNED_LONG_LONG 8
| #define SIZEOF_UNSIGNED_LONG 8
| #define SIZEOF_UNSIGNED 4
| #define SIZEOF_VOID_P 8
| #define HAVE_LIBTERMCAP 1
| #define HAVE_LIBREADLINE 1
| #define HAVE_LIBHISTORY 1
| #define HAVE_READLINE_READLINE_H 1
| #define HAVE_READLINE_HISTORY_H 1
| #define HAVE_SYS_RESOURCE_H 1
| #define LINUX 1
| #define HAVE_LIBPTHREAD 1
| #define HAVE_LIBZ 1
| #define HAVE_ALLOCA_H 1
| #define HAVE_ALLOCA 1
| #define HAVE_FSEEKO 1
| #define HAVE_TIMES 1
| #define HAVE_DLFCN_H 1
| #define _LARGEFILE_SOURCE 1
| #define HAVE_REALPATH 1
| #define HAVE_FOPEN64 1
| #define HAVE_LROUND 1
| #define HAVE_LLROUND 1
| #define HAVE_NAN 1
| #define HAVE_FMIN 1
| #define HAVE_FMAX 1
| #define UINT64_T_AND_ULONG_SAME 1
| /* end confdefs.h.  */
| #include <ac_nonexistent.h>
configure:8520: result: gcc -E
configure:8540: gcc -E  conftest.c
configure:8540: $? = 0
configure:8554: gcc -E  conftest.c
conftest.c:50:10: fatal error: ac_nonexistent.h: No such file or directory
 #include <ac_nonexistent.h>
          ^~~~~~~~~~~~~~~~~~
compilation terminated.
configure:8554: $? = 1
configure: failed program was:
| /* confdefs.h */
| #define PACKAGE_NAME ""
| #define PACKAGE_TARNAME ""
| #define PACKAGE_VERSION ""
| #define PACKAGE_STRING ""
| #define PACKAGE_BUGREPORT ""
| #define PACKAGE_URL ""
| #define STDC_HEADERS 1
| #define HAVE_SYS_TYPES_H 1
| #define HAVE_SYS_STAT_H 1
| #define HAVE_STDLIB_H 1
| #define HAVE_STRING_H 1
| #define HAVE_MEMORY_H 1
| #define HAVE_STRINGS_H 1
| #define HAVE_INTTYPES_H 1
| #define HAVE_STDINT_H 1
| #define HAVE_UNISTD_H 1
| #define HAVE_GETOPT_H 1
| #define HAVE_INTTYPES_H 1
| #define HAVE_IOSFWD 1
| #define HAVE_SYS_WAIT_H 1
| #define SIZEOF_UNSIGNED_LONG_LONG 8
| #define SIZEOF_UNSIGNED_LONG 8
| #define SIZEOF_UNSIGNED 4
| #define SIZEOF_VOID_P 8
| #define HAVE_LIBTERMCAP 1
| #define HAVE_LIBREADLINE 1
| #define HAVE_LIBHISTORY 1
| #define HAVE_READLINE_READLINE_H 1
| #define HAVE_READLINE_HISTORY_H 1
| #define HAVE_SYS_RESOURCE_H 1
| #define LINUX 1
| #define HAVE_LIBPTHREAD 1
| #define HAVE_LIBZ 1
| #define HAVE_ALLOCA_H 1
| #define HAVE_ALLOCA 1
| #define HAVE_FSEEKO 1
| #define HAVE_TIMES 1
| #define HAVE_DLFCN_H 1
| #define _LARGEFILE_SOURCE 1
| #define HAVE_REALPATH 1
| #define HAVE_FOPEN64 1
| #define HAVE_LROUND 1
| #define HAVE_LLROUND 1
| #define HAVE_NAN 1
| #define HAVE_FMIN 1
| #define HAVE_FMAX 1
| #define UINT64_T_AND_ULONG_SAME 1
| /* end confdefs.h.  */
| #include <ac_nonexistent.h>
configure:8709: creating ./config.status

## ---------------- ##
## Cache variables. ##
## ---------------- ##

ac_cv_build=x86_64-unknown-linux-gnu
ac_cv_build_objext=o
ac_cv_build_prog_CPP='gcc -E'
ac_cv_build_prog_cc_c89=
ac_cv_build_prog_cc_g=yes
ac_cv_c_bigendian=no
ac_cv_c_compiler_gnu=yes
ac_cv_cxx_compiler_gnu=yes
ac_cv_env_CCC_set=
ac_cv_env_CCC_value=
ac_cv_env_CC_set=
ac_cv_env_CC_value=
ac_cv_env_CFLAGS_set=
ac_cv_env_CFLAGS_value=
ac_cv_env_CPPFLAGS_set=
ac_cv_env_CPPFLAGS_value=
ac_cv_env_CPP_set=
ac_cv_env_CPP_value=
ac_cv_env_CXXCPP_set=
ac_cv_env_CXXCPP_value=
ac_cv_env_CXXFLAGS_set=
ac_cv_env_CXXFLAGS_value=
ac_cv_env_CXX_set=
ac_cv_env_CXX_value=
ac_cv_env_LDFLAGS_set=
ac_cv_env_LDFLAGS_value=
ac_cv_env_LIBS_set=
ac_cv_env_LIBS_value=
ac_cv_env_build_alias_set=
ac_cv_env_build_alias_value=
ac_cv_env_host_alias_set=
ac_cv_env_host_alias_value=
ac_cv_env_target_alias_set=
ac_cv_env_target_alias_value=
ac_cv_func_alloca_works=yes
ac_cv_func_fopen64=yes
ac_cv_func_realpath=yes
ac_cv_have_decl___SUNPRO_C=no
ac_cv_have_decl___SUNPRO_CC=no
ac_cv_header_dlfcn_h=yes
ac_cv_header_getopt_h=yes
ac_cv_header_inttypes_h=yes
ac_cv_header_iosfwd=yes
ac_cv_header_libiberty_h=no
ac_cv_header_memory_h=yes
ac_cv_header_readline_history_h=yes
ac_cv_header_readline_readline_h=yes
ac_cv_header_stdc=yes
ac_cv_header_stdint_h=yes
ac_cv_header_stdlib_h=yes
ac_cv_header_string_h=yes
ac_cv_header_strings_h=yes
ac_cv_header_sys_resource_h=yes
ac_cv_header_sys_stat_h=yes
ac_cv_header_sys_types_h=yes
ac_cv_header_sys_wait_h=yes
ac_cv_header_unistd_h=yes
ac_cv_host=x86_64-unknown-linux-gnu
ac_cv_lib_bz2_BZ2_bzdopen=no
ac_cv_lib_dl_dlopen=yes
ac_cv_lib_pthread_pthread_create=yes
ac_cv_lib_readline_add_history=yes
ac_cv_lib_readline_readline=yes
ac_cv_lib_termcap_tputs=yes
ac_cv_lib_z_gzwrite=yes
ac_cv_objext=o
ac_cv_path_EGREP='/bin/grep -E'
ac_cv_path_GREP=/bin/grep
ac_cv_path_install='/usr/bin/install -c'
ac_cv_prog_CPP='gcc -E'
ac_cv_prog_CXXCPP='g++ -E'
ac_cv_prog_GIT=git
ac_cv_prog_LEX=flex
ac_cv_prog_MAN=man
ac_cv_prog_PS2PDF=ps2pdf
ac_cv_prog_XGPERF=gperf
ac_cv_prog_YACC=bison
ac_cv_prog_ac_ct_AR=ar
ac_cv_prog_ac_ct_CC=gcc
ac_cv_prog_ac_ct_CC_FOR_BUILD=gcc
ac_cv_prog_ac_ct_CXX=g++
ac_cv_prog_ac_ct_LD=ld
ac_cv_prog_ac_ct_RANLIB=ranlib
ac_cv_prog_ac_ct_STRIP=strip
ac_cv_prog_cc_c89=
ac_cv_prog_cc_c99=
ac_cv_prog_cc_g=yes
ac_cv_prog_cxx_g=yes
ac_cv_search_fmax='none required'
ac_cv_search_fmin='none required'
ac_cv_search_llround='none required'
ac_cv_search_lround=-lm
ac_cv_search_nan='none required'
ac_cv_sizeof_unsigned=4
ac_cv_sizeof_unsigned_long=8
ac_cv_sizeof_unsigned_long_long=8
ac_cv_sizeof_void_p=8
ac_cv_sys_largefile_source=no
ac_cv_type_size_t=yes
ac_cv_working_alloca_h=yes
ax_cv_c_underscores_leading=no
ax_cv_c_underscores_trailing=no

## ----------------- ##
## Output variables. ##
## ----------------- ##

ALLOCA=''
AR='ar'
BUILD_EXEEXT=''
BUILD_OBJEXT='o'
CC='gcc'
CC_FOR_BUILD='gcc'
CFLAGS=' -g -O2'
CFLAGS_FOR_BUILD='-g'
CPP='gcc -E'
CPPFLAGS=''
CPPFLAGS_FOR_BUILD=''
CPP_FOR_BUILD='gcc -E'
CTARGETFLAGS=''
CXX='g++'
CXXCPP='g++ -E'
CXXFLAGS=' -g -O2'
DEFS='-DHAVE_CONFIG_H'
DEPENDENCY_FLAG='-MD'
DLLIB='-ldl'
DLLTOOL='false'
ECHO_C=''
ECHO_N='-n'
ECHO_T=''
EGREP='/bin/grep -E'
EXEEXT=''
EXTRALIBS=''
GIT='git'
GREP='/bin/grep'
HAVE_LIBBZ2='no'
HAVE_LIBZ='yes'
INSTALL_DATA='${INSTALL} -m 644'
INSTALL_PROGRAM='${INSTALL}'
INSTALL_SCRIPT='${INSTALL}'
LD='ld'
LDFLAGS=' '
LDFLAGS_FOR_BUILD=''
LDRELOCFLAGS=''
LDTARGETFLAGS=''
LEX='flex'
LIBOBJS=''
LIBS='-lm -lz -lpthread -lreadline -ltermcap '
LTLIBOBJS=''
MAN='man'
MINGW32='no'
OBJEXT='o'
PACKAGE_BUGREPORT=''
PACKAGE_NAME=''
PACKAGE_STRING=''
PACKAGE_TARNAME=''
PACKAGE_URL=''
PACKAGE_VERSION=''
PATH_SEPARATOR=':'
PICFLAG='-fPIC'
PS2PDF='ps2pdf'
RANLIB='ranlib'
SHELL='/bin/bash'
STRIP='strip'
WARNING_FLAGS='-Wall -Wextra -Wshadow'
WARNING_FLAGS_CC='-Wstrict-prototypes'
WARNING_FLAGS_CXX=''
WIN32='no'
WINDRES='false'
XGPERF='gperf'
YACC='bison'
ac_ct_CC='gcc'
ac_ct_CC_FOR_BUILD='gcc'
ac_ct_CXX='g++'
bindir='${exec_prefix}/bin'
build='x86_64-unknown-linux-gnu'
build_alias=''
build_cpu='x86_64'
build_os='linux-gnu'
build_vendor='unknown'
datadir='${datarootdir}'
datarootdir='${prefix}/share'
docdir='${datarootdir}/doc/${PACKAGE}'
dvidir='${docdir}'
exec_prefix='${prefix}'
file64_support='-D_LARGEFILE_SOURCE=1 -D_FILE_OFFSET_BITS=64'
host='x86_64-unknown-linux-gnu'
host_alias=''
host_cpu='x86_64'
host_os='linux-gnu'
host_vendor='unknown'
htmldir='${docdir}'
includedir='${prefix}/include'
infodir='${datarootdir}/info'
install_suffix=''
libdir='${exec_prefix}/lib'
libexecdir='${exec_prefix}/libexec'
localedir='${datarootdir}/locale'
localstatedir='${prefix}/var'
mandir='${datarootdir}/man'
oldincludedir='/usr/include'
pdfdir='${docdir}'
prefix='/usr/local/iverilog'
program_transform_name='s,x,x,'
psdir='${docdir}'
rdynamic='-rdynamic'
runstatedir='${localstatedir}/run'
sbindir='${exec_prefix}/sbin'
shared='-shared'
sharedstatedir='${prefix}/com'
strip_dynamic=''
sysconfdir='${prefix}/etc'
target_alias=''

## ----------- ##
## confdefs.h. ##
## ----------- ##

/* confdefs.h */
#define PACKAGE_NAME ""
#define PACKAGE_TARNAME ""
#define PACKAGE_VERSION ""
#define PACKAGE_STRING ""
#define PACKAGE_BUGREPORT ""
#define PACKAGE_URL ""
#define STDC_HEADERS 1
#define HAVE_SYS_TYPES_H 1
#define HAVE_SYS_STAT_H 1
#define HAVE_STDLIB_H 1
#define HAVE_STRING_H 1
#define HAVE_MEMORY_H 1
#define HAVE_STRINGS_H 1
#define HAVE_INTTYPES_H 1
#define HAVE_STDINT_H 1
#define HAVE_UNISTD_H 1
#define HAVE_GETOPT_H 1
#define HAVE_INTTYPES_H 1
#define HAVE_IOSFWD 1
#define HAVE_SYS_WAIT_H 1
#define SIZEOF_UNSIGNED_LONG_LONG 8
#define SIZEOF_UNSIGNED_LONG 8
#define SIZEOF_UNSIGNED 4
#define SIZEOF_VOID_P 8
#define HAVE_LIBTERMCAP 1
#define HAVE_LIBREADLINE 1
#define HAVE_LIBHISTORY 1
#define HAVE_READLINE_READLINE_H 1
#define HAVE_READLINE_HISTORY_H 1
#define HAVE_SYS_RESOURCE_H 1
#define LINUX 1
#define HAVE_LIBPTHREAD 1
#define HAVE_LIBZ 1
#define HAVE_ALLOCA_H 1
#define HAVE_ALLOCA 1
#define HAVE_FSEEKO 1
#define HAVE_TIMES 1
#define HAVE_DLFCN_H 1
#define _LARGEFILE_SOURCE 1
#define HAVE_REALPATH 1
#define HAVE_FOPEN64 1
#define HAVE_LROUND 1
#define HAVE_LLROUND 1
#define HAVE_NAN 1
#define HAVE_FMIN 1
#define HAVE_FMAX 1
#define UINT64_T_AND_ULONG_SAME 1

configure: exit 0

## ---------------------- ##
## Running config.status. ##
## ---------------------- ##

This file was extended by config.status, which was
generated by GNU Autoconf 2.69.  Invocation command line was

  CONFIG_FILES    = 
  CONFIG_HEADERS  = 
  CONFIG_LINKS    = 
  CONFIG_COMMANDS = 
  $ ./config.status 

on ubuntu

config.status:912: creating Makefile
config.status:912: creating ivlpp/Makefile
config.status:912: creating vhdlpp/Makefile
config.status:912: creating vvp/Makefile
config.status:912: creating vpi/Makefile
config.status:912: creating driver/Makefile
config.status:912: creating driver-vpi/Makefile
config.status:912: creating cadpli/Makefile
config.status:912: creating libveriuser/Makefile
config.status:912: creating tgt-null/Makefile
config.status:912: creating tgt-stub/Makefile
config.status:912: creating tgt-vvp/Makefile
config.status:912: creating tgt-vhdl/Makefile
config.status:912: creating tgt-fpga/Makefile
config.status:912: creating tgt-verilog/Makefile
config.status:912: creating tgt-pal/Makefile
config.status:912: creating tgt-vlog95/Makefile
config.status:912: creating tgt-pcb/Makefile
config.status:912: creating tgt-blif/Makefile
config.status:912: creating tgt-sizer/Makefile
config.status:912: creating config.h
config.status:1087: config.h is unchanged
config.status:912: creating _pli_types.h
config.status:1087: _pli_types.h is unchanged
config.status:912: creating vhdlpp/vhdlpp_config.h
config.status:1087: vhdlpp/vhdlpp_config.h is unchanged
config.status:912: creating vvp/config.h
config.status:1087: vvp/config.h is unchanged
config.status:912: creating vpi/vpi_config.h
config.status:1087: vpi/vpi_config.h is unchanged
config.status:912: creating libveriuser/config.h
config.status:1087: libveriuser/config.h is unchanged
config.status:912: creating tgt-vvp/vvp_config.h
config.status:1087: tgt-vvp/vvp_config.h is unchanged
config.status:912: creating tgt-vhdl/vhdl_config.h
config.status:1087: tgt-vhdl/vhdl_config.h is unchanged
config.status:912: creating tgt-pcb/pcb_config.h
config.status:1087: tgt-pcb/pcb_config.h is unchanged

## ---------------------- ##
## Running config.status. ##
## ---------------------- ##

This file was extended by config.status, which was
generated by GNU Autoconf 2.69.  Invocation command line was

  CONFIG_FILES    = 
  CONFIG_HEADERS  = 
  CONFIG_LINKS    = 
  CONFIG_COMMANDS = 
  $ ./config.status --file=Makefile

on ubuntu

config.status:912: creating Makefile

## ---------------------- ##
## Running config.status. ##
## ---------------------- ##

This file was extended by config.status, which was
generated by GNU Autoconf 2.69.  Invocation command line was

  CONFIG_FILES    = 
  CONFIG_HEADERS  = 
  CONFIG_LINKS    = 
  CONFIG_COMMANDS = 
  $ ./config.status --file=Makefile

on ubuntu

config.status:912: creating Makefile
