Terminals unused in grammar

   S_ASSIGN_MEM
   S_ASSIGN_MUX
   S_ELSE
   S_INITIAL


Grammar

    0 $accept: start $end

    1 start: S_ALWAYS '@' '(' S_EVENT ')' S_ASSIGN ';'
    2      | S_ALWAYS '@' '(' S_EVENT ')' S_IF S_EXPR S_ASSIGN ';' ';'


Terminals, with rules where they appear

$end (0) 0
'(' (40) 1 2
')' (41) 1 2
';' (59) 1 2
'@' (64) 1 2
error (256)
S_ALWAYS (258) 1 2
S_ASSIGN (259) 1 2
S_ASSIGN_MEM (260)
S_ASSIGN_MUX (261)
S_ELSE (262)
S_EVENT (263) 1 2
S_EXPR (264) 2
S_IF (265) 2
S_INITIAL (266)


Nonterminals, with rules where they appear

$accept (16)
    on left: 0
start (17)
    on left: 1 2, on right: 0


State 0

    0 $accept: . start $end

    S_ALWAYS  shift, and go to state 1

    start  go to state 2


State 1

    1 start: S_ALWAYS . '@' '(' S_EVENT ')' S_ASSIGN ';'
    2      | S_ALWAYS . '@' '(' S_EVENT ')' S_IF S_EXPR S_ASSIGN ';' ';'

    '@'  shift, and go to state 3


State 2

    0 $accept: start . $end

    $end  shift, and go to state 4


State 3

    1 start: S_ALWAYS '@' . '(' S_EVENT ')' S_ASSIGN ';'
    2      | S_ALWAYS '@' . '(' S_EVENT ')' S_IF S_EXPR S_ASSIGN ';' ';'

    '('  shift, and go to state 5


State 4

    0 $accept: start $end .

    $default  accept


State 5

    1 start: S_ALWAYS '@' '(' . S_EVENT ')' S_ASSIGN ';'
    2      | S_ALWAYS '@' '(' . S_EVENT ')' S_IF S_EXPR S_ASSIGN ';' ';'

    S_EVENT  shift, and go to state 6


State 6

    1 start: S_ALWAYS '@' '(' S_EVENT . ')' S_ASSIGN ';'
    2      | S_ALWAYS '@' '(' S_EVENT . ')' S_IF S_EXPR S_ASSIGN ';' ';'

    ')'  shift, and go to state 7


State 7

    1 start: S_ALWAYS '@' '(' S_EVENT ')' . S_ASSIGN ';'
    2      | S_ALWAYS '@' '(' S_EVENT ')' . S_IF S_EXPR S_ASSIGN ';' ';'

    S_ASSIGN  shift, and go to state 8
    S_IF      shift, and go to state 9


State 8

    1 start: S_ALWAYS '@' '(' S_EVENT ')' S_ASSIGN . ';'

    ';'  shift, and go to state 10


State 9

    2 start: S_ALWAYS '@' '(' S_EVENT ')' S_IF . S_EXPR S_ASSIGN ';' ';'

    S_EXPR  shift, and go to state 11


State 10

    1 start: S_ALWAYS '@' '(' S_EVENT ')' S_ASSIGN ';' .

    $default  reduce using rule 1 (start)


State 11

    2 start: S_ALWAYS '@' '(' S_EVENT ')' S_IF S_EXPR . S_ASSIGN ';' ';'

    S_ASSIGN  shift, and go to state 12


State 12

    2 start: S_ALWAYS '@' '(' S_EVENT ')' S_IF S_EXPR S_ASSIGN . ';' ';'

    ';'  shift, and go to state 13


State 13

    2 start: S_ALWAYS '@' '(' S_EVENT ')' S_IF S_EXPR S_ASSIGN ';' . ';'

    ';'  shift, and go to state 14


State 14

    2 start: S_ALWAYS '@' '(' S_EVENT ')' S_IF S_EXPR S_ASSIGN ';' ';' .

    $default  reduce using rule 2 (start)
