#! /usr/bin/vvp
:ivl_version "10.1 (stable)";
:ivl_delay_selection "TYPICAL";
:vpi_time_precision + 0;
:vpi_module "system";
:vpi_module "vhdl_sys";
:vpi_module "v2005_math";
:vpi_module "va_math";
S_0x55dbbc590380 .scope module, "main" "main" 2 86;
 .timescale 0 0;
v0x55dbbc5b0cd0_0 .var "a", 3 0;
v0x55dbbc5b0db0 .array "c", 63 0, 0 0;
v0x55dbbc5b0e50_0 .var "d", 0 0;
v0x55dbbc5b0ef0_0 .net "q", 0 0, L_0x55dbbc5b1390;  1 drivers
v0x55dbbc5b0f90_0 .var "wclk", 0 0;
v0x55dbbc5b1030_0 .var "we", 0 0;
S_0x55dbbc590500 .scope module, "r1" "ram16x1" 2 94, 2 72 0, S_0x55dbbc590380;
 .timescale 0 0;
    .port_info 0 /OUTPUT 1 "q"
    .port_info 1 /INPUT 1 "d"
    .port_info 2 /INPUT 4 "a"
    .port_info 3 /INPUT 1 "we"
    .port_info 4 /INPUT 1 "wclk"
L_0x55dbbc5b1390 .functor BUFZ 1, L_0x55dbbc5b1100, C4<0>, C4<0>, C4<0>;
v0x55dbbc590700_0 .net *"_s0", 0 0, L_0x55dbbc5b1100;  1 drivers
v0x55dbbc5b05c0_0 .net *"_s2", 5 0, L_0x55dbbc5b1200;  1 drivers
L_0x7f689c9fa018 .functor BUFT 1, C4<00>, C4<0>, C4<0>, C4<0>;
v0x55dbbc5b06a0_0 .net *"_s5", 1 0, L_0x7f689c9fa018;  1 drivers
v0x55dbbc5b0760_0 .net "a", 3 0, v0x55dbbc5b0cd0_0;  1 drivers
v0x55dbbc5b0840_0 .net "d", 0 0, v0x55dbbc5b0e50_0;  1 drivers
v0x55dbbc5b0950 .array "mem", 0 15, 0 0;
v0x55dbbc5b09f0_0 .net "q", 0 0, L_0x55dbbc5b1390;  alias, 1 drivers
v0x55dbbc5b0ab0_0 .net "wclk", 0 0, v0x55dbbc5b0f90_0;  1 drivers
v0x55dbbc5b0b70_0 .net "we", 0 0, v0x55dbbc5b1030_0;  1 drivers
E_0x55dbbc586460 .event posedge, v0x55dbbc5b0ab0_0;
L_0x55dbbc5b1100 .array/port v0x55dbbc5b0950, L_0x55dbbc5b1200;
L_0x55dbbc5b1200 .concat [ 4 2 0 0], v0x55dbbc5b0cd0_0, L_0x7f689c9fa018;
    .scope S_0x55dbbc590500;
T_0 ;
    %wait E_0x55dbbc586460;
    %load/vec4 v0x55dbbc5b0b70_0;
    %flag_set/vec4 8;
    %jmp/0xz  T_0.0, 8;
    %load/vec4 v0x55dbbc5b0840_0;
    %load/vec4 v0x55dbbc5b0760_0;
    %pad/u 6;
    %ix/vec4 4;
    %store/vec4a v0x55dbbc5b0950, 4, 0;
T_0.0 ;
    %jmp T_0;
    .thread T_0;
    .scope S_0x55dbbc590380;
T_1 ;
    %vpi_call 2 97 "$fsdbDumpfile", "show_vcd.fsdb" {0 0 0};
    %vpi_call 2 98 "$fsdbDumpvars", 32'sb00000000000000000000000000000000, v0x55dbbc5b0db0 {0 0 0};
    %pushi/vec4 1, 0, 1;
    %ix/load 4, 0, 0;
    %flag_set/imm 4, 0;
    %store/vec4a v0x55dbbc5b0db0, 4, 0;
    %delay 10, 0;
    %pushi/vec4 1, 0, 1;
    %ix/load 4, 1, 0;
    %flag_set/imm 4, 0;
    %store/vec4a v0x55dbbc5b0db0, 4, 0;
    %pushi/vec4 0, 0, 1;
    %store/vec4 v0x55dbbc5b0f90_0, 0, 1;
    %pushi/vec4 1, 0, 1;
    %store/vec4 v0x55dbbc5b1030_0, 0, 1;
    %pushi/vec4 0, 0, 4;
    %store/vec4 v0x55dbbc5b0cd0_0, 0, 4;
T_1.0 ;
    %load/vec4 v0x55dbbc5b0cd0_0;
    %cmpi/u 15, 0, 4;
    %jmp/0xz T_1.1, 5;
    %load/vec4 v0x55dbbc5b0cd0_0;
    %parti/s 1, 0, 2;
    %store/vec4 v0x55dbbc5b0e50_0, 0, 1;
    %delay 1, 0;
    %pushi/vec4 1, 0, 1;
    %store/vec4 v0x55dbbc5b0f90_0, 0, 1;
    %delay 1, 0;
    %pushi/vec4 0, 0, 1;
    %store/vec4 v0x55dbbc5b0f90_0, 0, 1;
    %vpi_call 2 107 "$display", "r1[%x] == %b", v0x55dbbc5b0cd0_0, v0x55dbbc5b0ef0_0 {0 0 0};
    %load/vec4 v0x55dbbc5b0cd0_0;
    %addi 1, 0, 4;
    %store/vec4 v0x55dbbc5b0cd0_0, 0, 4;
    %jmp T_1.0;
T_1.1 ;
    %pushi/vec4 0, 0, 4;
    %store/vec4 v0x55dbbc5b0cd0_0, 0, 4;
T_1.2 ;
    %load/vec4 v0x55dbbc5b0cd0_0;
    %cmpi/u 15, 0, 4;
    %jmp/0xz T_1.3, 5;
    %delay 1, 0;
    %load/vec4 v0x55dbbc5b0ef0_0;
    %load/vec4 v0x55dbbc5b0cd0_0;
    %parti/s 1, 0, 2;
    %cmp/ne;
    %jmp/0xz  T_1.4, 6;
    %vpi_call 2 112 "$display", "FAILED -- mem[%h] !== %b", v0x55dbbc5b0cd0_0, &PV<v0x55dbbc5b0cd0_0, 0, 1> {0 0 0};
    %vpi_call 2 113 "$finish" {0 0 0};
T_1.4 ;
    %load/vec4 v0x55dbbc5b0cd0_0;
    %addi 1, 0, 4;
    %store/vec4 v0x55dbbc5b0cd0_0, 0, 4;
    %jmp T_1.2;
T_1.3 ;
    %vpi_call 2 116 "$display", "PASSED" {0 0 0};
    %end;
    .thread T_1;
# The file index is used to find the file name in the following table.
:file_names 3;
    "N/A";
    "<interactive>";
    "show_vcd.vl";
